{"C:\\Users\\ALPHA12\\Downloads\\task-api-submission\\task-api\\src\\app.js": {"path":"C:\\Users\\ALPHA12\\Downloads\\task-api-submission\\task-api\\src\\app.js","statementMap":{"0":{"start":{"line":1,"column":16},"end":{"line":1,"column":34}},"1":{"start":{"line":2,"column":19},"end":{"line":2,"column":44}},"2":{"start":{"line":4,"column":12},"end":{"line":4,"column":21}},"3":{"start":{"line":6,"column":0},"end":{"line":6,"column":24}},"4":{"start":{"line":7,"column":0},"end":{"line":7,"column":30}},"5":{"start":{"line":9,"column":0},"end":{"line":12,"column":3}},"6":{"start":{"line":10,"column":2},"end":{"line":10,"column":27}},"7":{"start":{"line":11,"column":2},"end":{"line":11,"column":59}},"8":{"start":{"line":14,"column":13},"end":{"line":14,"column":37}},"9":{"start":{"line":16,"column":0},"end":{"line":20,"column":1}},"10":{"start":{"line":17,"column":2},"end":{"line":19,"column":5}},"11":{"start":{"line":18,"column":4},"end":{"line":18,"column":52}},"12":{"start":{"line":22,"column":0},"end":{"line":22,"column":21}}},"fnMap":{"0":{"name":"(anonymous_0)","decl":{"start":{"line":9,"column":8},"end":{"line":9,"column":9}},"loc":{"start":{"line":9,"column":33},"end":{"line":12,"column":1}},"line":9},"1":{"name":"(anonymous_1)","decl":{"start":{"line":17,"column":19},"end":{"line":17,"column":20}},"loc":{"start":{"line":17,"column":25},"end":{"line":19,"column":3}},"line":17}},"branchMap":{"0":{"loc":{"start":{"line":14,"column":13},"end":{"line":14,"column":37}},"type":"binary-expr","locations":[{"start":{"line":14,"column":13},"end":{"line":14,"column":29}},{"start":{"line":14,"column":33},"end":{"line":14,"column":37}}],"line":14},"1":{"loc":{"start":{"line":16,"column":0},"end":{"line":20,"column":1}},"type":"if","locations":[{"start":{"line":16,"column":0},"end":{"line":20,"column":1}},{"start":{},"end":{}}],"line":16}},"s":{"0":1,"1":1,"2":1,"3":1,"4":1,"5":1,"6":0,"7":0,"8":1,"9":1,"10":0,"11":0,"12":1},"f":{"0":0,"1":0},"b":{"0":[1,1],"1":[0,1]},"_coverageSchema":"1a1c01bbd47fc00a2c39e90264f33305004495a9","hash":"33ec6b363142f4a3bf3095804f47cc8d887b3f9c"}
,"C:\\Users\\ALPHA12\\Downloads\\task-api-submission\\task-api\\src\\routes\\tasks.js": {"path":"C:\\Users\\ALPHA12\\Downloads\\task-api-submission\\task-api\\src\\routes\\tasks.js","statementMap":{"0":{"start":{"line":17,"column":16},"end":{"line":17,"column":34}},"1":{"start":{"line":18,"column":15},"end":{"line":18,"column":31}},"2":{"start":{"line":19,"column":20},"end":{"line":19,"column":54}},"3":{"start":{"line":25,"column":4},"end":{"line":25,"column":34}},"4":{"start":{"line":32,"column":0},"end":{"line":35,"column":3}},"5":{"start":{"line":33,"column":16},"end":{"line":33,"column":38}},"6":{"start":{"line":34,"column":2},"end":{"line":34,"column":18}},"7":{"start":{"line":41,"column":0},"end":{"line":69,"column":3}},"8":{"start":{"line":42,"column":34},"end":{"line":42,"column":43}},"9":{"start":{"line":45,"column":2},"end":{"line":51,"column":3}},"10":{"start":{"line":46,"column":4},"end":{"line":48,"column":5}},"11":{"start":{"line":47,"column":6},"end":{"line":47,"column":109}},"12":{"start":{"line":49,"column":18},"end":{"line":49,"column":49}},"13":{"start":{"line":50,"column":4},"end":{"line":50,"column":27}},"14":{"start":{"line":54,"column":2},"end":{"line":64,"column":3}},"15":{"start":{"line":55,"column":18},"end":{"line":55,"column":32}},"16":{"start":{"line":56,"column":19},"end":{"line":56,"column":34}},"17":{"start":{"line":59,"column":4},"end":{"line":59,"column":51}},"18":{"start":{"line":59,"column":39},"end":{"line":59,"column":51}},"19":{"start":{"line":60,"column":4},"end":{"line":60,"column":55}},"20":{"start":{"line":60,"column":41},"end":{"line":60,"column":55}},"21":{"start":{"line":62,"column":18},"end":{"line":62,"column":61}},"22":{"start":{"line":63,"column":4},"end":{"line":63,"column":27}},"23":{"start":{"line":67,"column":16},"end":{"line":67,"column":36}},"24":{"start":{"line":68,"column":2},"end":{"line":68,"column":18}},"25":{"start":{"line":75,"column":0},"end":{"line":83,"column":3}},"26":{"start":{"line":76,"column":16},"end":{"line":76,"column":44}},"27":{"start":{"line":77,"column":2},"end":{"line":79,"column":3}},"28":{"start":{"line":78,"column":4},"end":{"line":78,"column":43}},"29":{"start":{"line":81,"column":15},"end":{"line":81,"column":43}},"30":{"start":{"line":82,"column":2},"end":{"line":82,"column":29}},"31":{"start":{"line":89,"column":0},"end":{"line":101,"column":3}},"32":{"start":{"line":90,"column":16},"end":{"line":90,"column":44}},"33":{"start":{"line":91,"column":2},"end":{"line":93,"column":3}},"34":{"start":{"line":92,"column":4},"end":{"line":92,"column":43}},"35":{"start":{"line":95,"column":15},"end":{"line":95,"column":58}},"36":{"start":{"line":96,"column":2},"end":{"line":98,"column":3}},"37":{"start":{"line":97,"column":4},"end":{"line":97,"column":61}},"38":{"start":{"line":100,"column":2},"end":{"line":100,"column":17}},"39":{"start":{"line":107,"column":0},"end":{"line":114,"column":3}},"40":{"start":{"line":108,"column":18},"end":{"line":108,"column":51}},"41":{"start":{"line":109,"column":2},"end":{"line":111,"column":3}},"42":{"start":{"line":110,"column":4},"end":{"line":110,"column":61}},"43":{"start":{"line":113,"column":2},"end":{"line":113,"column":25}},"44":{"start":{"line":120,"column":0},"end":{"line":127,"column":3}},"45":{"start":{"line":121,"column":15},"end":{"line":121,"column":54}},"46":{"start":{"line":122,"column":2},"end":{"line":124,"column":3}},"47":{"start":{"line":123,"column":4},"end":{"line":123,"column":61}},"48":{"start":{"line":126,"column":2},"end":{"line":126,"column":17}},"49":{"start":{"line":138,"column":0},"end":{"line":151,"column":3}},"50":{"start":{"line":140,"column":16},"end":{"line":140,"column":44}},"51":{"start":{"line":141,"column":2},"end":{"line":143,"column":3}},"52":{"start":{"line":142,"column":4},"end":{"line":142,"column":43}},"53":{"start":{"line":145,"column":15},"end":{"line":145,"column":78}},"54":{"start":{"line":146,"column":2},"end":{"line":148,"column":3}},"55":{"start":{"line":147,"column":4},"end":{"line":147,"column":61}},"56":{"start":{"line":150,"column":2},"end":{"line":150,"column":17}},"57":{"start":{"line":153,"column":0},"end":{"line":153,"column":24}}},"fnMap":{"0":{"name":"(anonymous_0)","decl":{"start":{"line":32,"column":21},"end":{"line":32,"column":22}},"loc":{"start":{"line":32,"column":35},"end":{"line":35,"column":1}},"line":32},"1":{"name":"(anonymous_1)","decl":{"start":{"line":41,"column":16},"end":{"line":41,"column":17}},"loc":{"start":{"line":41,"column":30},"end":{"line":69,"column":1}},"line":41},"2":{"name":"(anonymous_2)","decl":{"start":{"line":75,"column":17},"end":{"line":75,"column":18}},"loc":{"start":{"line":75,"column":31},"end":{"line":83,"column":1}},"line":75},"3":{"name":"(anonymous_3)","decl":{"start":{"line":89,"column":19},"end":{"line":89,"column":20}},"loc":{"start":{"line":89,"column":33},"end":{"line":101,"column":1}},"line":89},"4":{"name":"(anonymous_4)","decl":{"start":{"line":107,"column":22},"end":{"line":107,"column":23}},"loc":{"start":{"line":107,"column":36},"end":{"line":114,"column":1}},"line":107},"5":{"name":"(anonymous_5)","decl":{"start":{"line":120,"column":30},"end":{"line":120,"column":31}},"loc":{"start":{"line":120,"column":44},"end":{"line":127,"column":1}},"line":120},"6":{"name":"(anonymous_6)","decl":{"start":{"line":138,"column":28},"end":{"line":138,"column":29}},"loc":{"start":{"line":138,"column":42},"end":{"line":151,"column":1}},"line":138}},"branchMap":{"0":{"loc":{"start":{"line":45,"column":2},"end":{"line":51,"column":3}},"type":"if","locations":[{"start":{"line":45,"column":2},"end":{"line":51,"column":3}},{"start":{},"end":{}}],"line":45},"1":{"loc":{"start":{"line":46,"column":4},"end":{"line":48,"column":5}},"type":"if","locations":[{"start":{"line":46,"column":4},"end":{"line":48,"column":5}},{"start":{},"end":{}}],"line":46},"2":{"loc":{"start":{"line":54,"column":2},"end":{"line":64,"column":3}},"type":"if","locations":[{"start":{"line":54,"column":2},"end":{"line":64,"column":3}},{"start":{},"end":{}}],"line":54},"3":{"loc":{"start":{"line":54,"column":6},"end":{"line":54,"column":47}},"type":"binary-expr","locations":[{"start":{"line":54,"column":6},"end":{"line":54,"column":24}},{"start":{"line":54,"column":28},"end":{"line":54,"column":47}}],"line":54},"4":{"loc":{"start":{"line":59,"column":4},"end":{"line":59,"column":51}},"type":"if","locations":[{"start":{"line":59,"column":4},"end":{"line":59,"column":51}},{"start":{},"end":{}}],"line":59},"5":{"loc":{"start":{"line":59,"column":8},"end":{"line":59,"column":37}},"type":"binary-expr","locations":[{"start":{"line":59,"column":8},"end":{"line":59,"column":22}},{"start":{"line":59,"column":26},"end":{"line":59,"column":37}}],"line":59},"6":{"loc":{"start":{"line":60,"column":4},"end":{"line":60,"column":55}},"type":"if","locations":[{"start":{"line":60,"column":4},"end":{"line":60,"column":55}},{"start":{},"end":{}}],"line":60},"7":{"loc":{"start":{"line":60,"column":8},"end":{"line":60,"column":39}},"type":"binary-expr","locations":[{"start":{"line":60,"column":8},"end":{"line":60,"column":23}},{"start":{"line":60,"column":27},"end":{"line":60,"column":39}}],"line":60},"8":{"loc":{"start":{"line":77,"column":2},"end":{"line":79,"column":3}},"type":"if","locations":[{"start":{"line":77,"column":2},"end":{"line":79,"column":3}},{"start":{},"end":{}}],"line":77},"9":{"loc":{"start":{"line":91,"column":2},"end":{"line":93,"column":3}},"type":"if","locations":[{"start":{"line":91,"column":2},"end":{"line":93,"column":3}},{"start":{},"end":{}}],"line":91},"10":{"loc":{"start":{"line":96,"column":2},"end":{"line":98,"column":3}},"type":"if","locations":[{"start":{"line":96,"column":2},"end":{"line":98,"column":3}},{"start":{},"end":{}}],"line":96},"11":{"loc":{"start":{"line":109,"column":2},"end":{"line":111,"column":3}},"type":"if","locations":[{"start":{"line":109,"column":2},"end":{"line":111,"column":3}},{"start":{},"end":{}}],"line":109},"12":{"loc":{"start":{"line":122,"column":2},"end":{"line":124,"column":3}},"type":"if","locations":[{"start":{"line":122,"column":2},"end":{"line":124,"column":3}},{"start":{},"end":{}}],"line":122},"13":{"loc":{"start":{"line":141,"column":2},"end":{"line":143,"column":3}},"type":"if","locations":[{"start":{"line":141,"column":2},"end":{"line":143,"column":3}},{"start":{},"end":{}}],"line":141},"14":{"loc":{"start":{"line":146,"column":2},"end":{"line":148,"column":3}},"type":"if","locations":[{"start":{"line":146,"column":2},"end":{"line":148,"column":3}},{"start":{},"end":{}}],"line":146}},"s":{"0":1,"1":1,"2":1,"3":1,"4":1,"5":3,"6":3,"7":1,"8":10,"9":10,"10":3,"11":1,"12":2,"13":2,"14":7,"15":4,"16":4,"17":4,"18":1,"19":4,"20":1,"21":4,"22":4,"23":3,"24":3,"25":1,"26":48,"27":48,"28":5,"29":43,"30":43,"31":1,"32":8,"33":8,"34":4,"35":4,"36":4,"37":1,"38":3,"39":1,"40":3,"41":3,"42":1,"43":2,"44":1,"45":4,"46":4,"47":1,"48":3,"49":1,"50":8,"51":8,"52":3,"53":5,"54":5,"55":1,"56":4,"57":1},"f":{"0":3,"1":10,"2":48,"3":8,"4":3,"5":4,"6":8},"b":{"0":[3,7],"1":[1,2],"2":[4,3],"3":[7,3],"4":[1,3],"5":[4,4],"6":[1,3],"7":[4,4],"8":[5,43],"9":[4,4],"10":[1,3],"11":[1,2],"12":[1,3],"13":[3,5],"14":[1,4]},"_coverageSchema":"1a1c01bbd47fc00a2c39e90264f33305004495a9","hash":"3ba09a716169d9f01dd574bb8aa1476a73279f12"}
,"C:\\Users\\ALPHA12\\Downloads\\task-api-submission\\task-api\\src\\services\\taskService.js": {"path":"C:\\Users\\ALPHA12\\Downloads\\task-api-submission\\task-api\\src\\services\\taskService.js","statementMap":{"0":{"start":{"line":19,"column":23},"end":{"line":19,"column":38}},"1":{"start":{"line":22,"column":12},"end":{"line":22,"column":14}},"2":{"start":{"line":29,"column":15},"end":{"line":29,"column":31}},"3":{"start":{"line":29,"column":21},"end":{"line":29,"column":31}},"4":{"start":{"line":32,"column":17},"end":{"line":32,"column":55}},"5":{"start":{"line":32,"column":25},"end":{"line":32,"column":55}},"6":{"start":{"line":32,"column":43},"end":{"line":32,"column":54}},"7":{"start":{"line":40,"column":20},"end":{"line":40,"column":72}},"8":{"start":{"line":40,"column":32},"end":{"line":40,"column":72}},"9":{"start":{"line":40,"column":52},"end":{"line":40,"column":71}},"10":{"start":{"line":51,"column":21},"end":{"line":54,"column":1}},"11":{"start":{"line":52,"column":17},"end":{"line":52,"column":35}},"12":{"start":{"line":53,"column":2},"end":{"line":53,"column":45}},"13":{"start":{"line":60,"column":17},"end":{"line":73,"column":1}},"14":{"start":{"line":61,"column":14},"end":{"line":61,"column":24}},"15":{"start":{"line":62,"column":17},"end":{"line":62,"column":53}},"16":{"start":{"line":63,"column":16},"end":{"line":63,"column":17}},"17":{"start":{"line":65,"column":2},"end":{"line":70,"column":5}},"18":{"start":{"line":66,"column":4},"end":{"line":66,"column":59}},"19":{"start":{"line":66,"column":40},"end":{"line":66,"column":59}},"20":{"start":{"line":67,"column":4},"end":{"line":69,"column":5}},"21":{"start":{"line":68,"column":6},"end":{"line":68,"column":16}},"22":{"start":{"line":72,"column":2},"end":{"line":72,"column":32}},"23":{"start":{"line":83,"column":15},"end":{"line":97,"column":1}},"24":{"start":{"line":84,"column":15},"end":{"line":94,"column":3}},"25":{"start":{"line":95,"column":2},"end":{"line":95,"column":19}},"26":{"start":{"line":96,"column":2},"end":{"line":96,"column":14}},"27":{"start":{"line":103,"column":15},"end":{"line":117,"column":1}},"28":{"start":{"line":104,"column":16},"end":{"line":104,"column":51}},"29":{"start":{"line":104,"column":39},"end":{"line":104,"column":50}},"30":{"start":{"line":105,"column":2},"end":{"line":105,"column":32}},"31":{"start":{"line":105,"column":20},"end":{"line":105,"column":32}},"32":{"start":{"line":108,"column":62},"end":{"line":108,"column":68}},"33":{"start":{"line":111,"column":2},"end":{"line":111,"column":76}},"34":{"start":{"line":111,"column":27},"end":{"line":111,"column":76}},"35":{"start":{"line":112,"column":2},"end":{"line":112,"column":94}},"36":{"start":{"line":112,"column":33},"end":{"line":112,"column":94}},"37":{"start":{"line":114,"column":18},"end":{"line":114,"column":55}},"38":{"start":{"line":115,"column":2},"end":{"line":115,"column":25}},"39":{"start":{"line":116,"column":2},"end":{"line":116,"column":17}},"40":{"start":{"line":120,"column":15},"end":{"line":126,"column":1}},"41":{"start":{"line":121,"column":16},"end":{"line":121,"column":51}},"42":{"start":{"line":121,"column":39},"end":{"line":121,"column":50}},"43":{"start":{"line":122,"column":2},"end":{"line":122,"column":33}},"44":{"start":{"line":122,"column":20},"end":{"line":122,"column":33}},"45":{"start":{"line":124,"column":2},"end":{"line":124,"column":25}},"46":{"start":{"line":125,"column":2},"end":{"line":125,"column":14}},"47":{"start":{"line":137,"column":21},"end":{"line":151,"column":1}},"48":{"start":{"line":138,"column":15},"end":{"line":138,"column":27}},"49":{"start":{"line":139,"column":2},"end":{"line":139,"column":25}},"50":{"start":{"line":139,"column":13},"end":{"line":139,"column":25}},"51":{"start":{"line":141,"column":18},"end":{"line":146,"column":3}},"52":{"start":{"line":148,"column":16},"end":{"line":148,"column":51}},"53":{"start":{"line":148,"column":39},"end":{"line":148,"column":50}},"54":{"start":{"line":149,"column":2},"end":{"line":149,"column":25}},"55":{"start":{"line":150,"column":2},"end":{"line":150,"column":17}},"56":{"start":{"line":161,"column":19},"end":{"line":167,"column":1}},"57":{"start":{"line":162,"column":16},"end":{"line":162,"column":51}},"58":{"start":{"line":162,"column":39},"end":{"line":162,"column":50}},"59":{"start":{"line":163,"column":2},"end":{"line":163,"column":32}},"60":{"start":{"line":163,"column":20},"end":{"line":163,"column":32}},"61":{"start":{"line":165,"column":2},"end":{"line":165,"column":47}},"62":{"start":{"line":166,"column":2},"end":{"line":166,"column":22}},"63":{"start":{"line":174,"column":15},"end":{"line":176,"column":1}},"64":{"start":{"line":175,"column":2},"end":{"line":175,"column":13}},"65":{"start":{"line":182,"column":0},"end":{"line":194,"column":2}}},"fnMap":{"0":{"name":"(anonymous_0)","decl":{"start":{"line":29,"column":15},"end":{"line":29,"column":16}},"loc":{"start":{"line":29,"column":21},"end":{"line":29,"column":31}},"line":29},"1":{"name":"(anonymous_1)","decl":{"start":{"line":32,"column":17},"end":{"line":32,"column":18}},"loc":{"start":{"line":32,"column":25},"end":{"line":32,"column":55}},"line":32},"2":{"name":"(anonymous_2)","decl":{"start":{"line":32,"column":36},"end":{"line":32,"column":37}},"loc":{"start":{"line":32,"column":43},"end":{"line":32,"column":54}},"line":32},"3":{"name":"(anonymous_3)","decl":{"start":{"line":40,"column":20},"end":{"line":40,"column":21}},"loc":{"start":{"line":40,"column":32},"end":{"line":40,"column":72}},"line":40},"4":{"name":"(anonymous_4)","decl":{"start":{"line":40,"column":45},"end":{"line":40,"column":46}},"loc":{"start":{"line":40,"column":52},"end":{"line":40,"column":71}},"line":40},"5":{"name":"(anonymous_5)","decl":{"start":{"line":51,"column":21},"end":{"line":51,"column":22}},"loc":{"start":{"line":51,"column":38},"end":{"line":54,"column":1}},"line":51},"6":{"name":"(anonymous_6)","decl":{"start":{"line":60,"column":17},"end":{"line":60,"column":18}},"loc":{"start":{"line":60,"column":23},"end":{"line":73,"column":1}},"line":60},"7":{"name":"(anonymous_7)","decl":{"start":{"line":65,"column":16},"end":{"line":65,"column":17}},"loc":{"start":{"line":65,"column":23},"end":{"line":70,"column":3}},"line":65},"8":{"name":"(anonymous_8)","decl":{"start":{"line":83,"column":15},"end":{"line":83,"column":16}},"loc":{"start":{"line":83,"column":102},"end":{"line":97,"column":1}},"line":83},"9":{"name":"(anonymous_9)","decl":{"start":{"line":103,"column":15},"end":{"line":103,"column":16}},"loc":{"start":{"line":103,"column":31},"end":{"line":117,"column":1}},"line":103},"10":{"name":"(anonymous_10)","decl":{"start":{"line":104,"column":32},"end":{"line":104,"column":33}},"loc":{"start":{"line":104,"column":39},"end":{"line":104,"column":50}},"line":104},"11":{"name":"(anonymous_11)","decl":{"start":{"line":120,"column":15},"end":{"line":120,"column":16}},"loc":{"start":{"line":120,"column":23},"end":{"line":126,"column":1}},"line":120},"12":{"name":"(anonymous_12)","decl":{"start":{"line":121,"column":32},"end":{"line":121,"column":33}},"loc":{"start":{"line":121,"column":39},"end":{"line":121,"column":50}},"line":121},"13":{"name":"(anonymous_13)","decl":{"start":{"line":137,"column":21},"end":{"line":137,"column":22}},"loc":{"start":{"line":137,"column":29},"end":{"line":151,"column":1}},"line":137},"14":{"name":"(anonymous_14)","decl":{"start":{"line":148,"column":32},"end":{"line":148,"column":33}},"loc":{"start":{"line":148,"column":39},"end":{"line":148,"column":50}},"line":148},"15":{"name":"(anonymous_15)","decl":{"start":{"line":161,"column":19},"end":{"line":161,"column":20}},"loc":{"start":{"line":161,"column":37},"end":{"line":167,"column":1}},"line":161},"16":{"name":"(anonymous_16)","decl":{"start":{"line":162,"column":32},"end":{"line":162,"column":33}},"loc":{"start":{"line":162,"column":39},"end":{"line":162,"column":50}},"line":162},"17":{"name":"(anonymous_17)","decl":{"start":{"line":174,"column":15},"end":{"line":174,"column":16}},"loc":{"start":{"line":174,"column":21},"end":{"line":176,"column":1}},"line":174}},"branchMap":{"0":{"loc":{"start":{"line":66,"column":4},"end":{"line":66,"column":59}},"type":"if","locations":[{"start":{"line":66,"column":4},"end":{"line":66,"column":59}},{"start":{},"end":{}}],"line":66},"1":{"loc":{"start":{"line":67,"column":4},"end":{"line":69,"column":5}},"type":"if","locations":[{"start":{"line":67,"column":4},"end":{"line":69,"column":5}},{"start":{},"end":{}}],"line":67},"2":{"loc":{"start":{"line":67,"column":8},"end":{"line":67,"column":69}},"type":"binary-expr","locations":[{"start":{"line":67,"column":8},"end":{"line":67,"column":17}},{"start":{"line":67,"column":21},"end":{"line":67,"column":40}},{"start":{"line":67,"column":44},"end":{"line":67,"column":69}}],"line":67},"3":{"loc":{"start":{"line":83,"column":25},"end":{"line":83,"column":41}},"type":"default-arg","locations":[{"start":{"line":83,"column":39},"end":{"line":83,"column":41}}],"line":83},"4":{"loc":{"start":{"line":83,"column":43},"end":{"line":83,"column":58}},"type":"default-arg","locations":[{"start":{"line":83,"column":52},"end":{"line":83,"column":58}}],"line":83},"5":{"loc":{"start":{"line":83,"column":60},"end":{"line":83,"column":79}},"type":"default-arg","locations":[{"start":{"line":83,"column":71},"end":{"line":83,"column":79}}],"line":83},"6":{"loc":{"start":{"line":83,"column":81},"end":{"line":83,"column":95}},"type":"default-arg","locations":[{"start":{"line":83,"column":91},"end":{"line":83,"column":95}}],"line":83},"7":{"loc":{"start":{"line":87,"column":17},"end":{"line":87,"column":74}},"type":"cond-expr","locations":[{"start":{"line":87,"column":51},"end":{"line":87,"column":69}},{"start":{"line":87,"column":72},"end":{"line":87,"column":74}}],"line":87},"8":{"loc":{"start":{"line":105,"column":2},"end":{"line":105,"column":32}},"type":"if","locations":[{"start":{"line":105,"column":2},"end":{"line":105,"column":32}},{"start":{},"end":{}}],"line":105},"9":{"loc":{"start":{"line":111,"column":2},"end":{"line":111,"column":76}},"type":"if","locations":[{"start":{"line":111,"column":2},"end":{"line":111,"column":76}},{"start":{},"end":{}}],"line":111},"10":{"loc":{"start":{"line":112,"column":2},"end":{"line":112,"column":94}},"type":"if","locations":[{"start":{"line":112,"column":2},"end":{"line":112,"column":94}},{"start":{},"end":{}}],"line":112},"11":{"loc":{"start":{"line":122,"column":2},"end":{"line":122,"column":33}},"type":"if","locations":[{"start":{"line":122,"column":2},"end":{"line":122,"column":33}},{"start":{},"end":{}}],"line":122},"12":{"loc":{"start":{"line":139,"column":2},"end":{"line":139,"column":25}},"type":"if","locations":[{"start":{"line":139,"column":2},"end":{"line":139,"column":25}},{"start":{},"end":{}}],"line":139},"13":{"loc":{"start":{"line":163,"column":2},"end":{"line":163,"column":32}},"type":"if","locations":[{"start":{"line":163,"column":2},"end":{"line":163,"column":32}},{"start":{},"end":{}}],"line":163}},"s":{"0":2,"1":2,"2":2,"3":10,"4":2,"5":15,"6":11,"7":2,"8":5,"9":8,"10":2,"11":8,"12":8,"13":2,"14":6,"15":6,"16":6,"17":6,"18":18,"19":18,"20":18,"21":4,"22":6,"23":2,"24":138,"25":138,"26":138,"27":2,"28":7,"29":5,"30":7,"31":2,"32":5,"33":5,"34":5,"35":5,"36":0,"37":5,"38":5,"39":5,"40":2,"41":6,"42":5,"43":6,"44":2,"45":4,"46":4,"47":2,"48":8,"49":8,"50":2,"51":6,"52":6,"53":6,"54":6,"55":6,"56":2,"57":10,"58":8,"59":10,"60":2,"61":8,"62":8,"63":2,"64":76,"65":2},"f":{"0":10,"1":15,"2":11,"3":5,"4":8,"5":8,"6":6,"7":18,"8":138,"9":7,"10":5,"11":6,"12":5,"13":8,"14":6,"15":10,"16":8,"17":76},"b":{"0":[18,0],"1":[4,14],"2":[18,8,6],"3":[2],"4":[3],"5":[3],"6":[39],"7":[138,0],"8":[2,5],"9":[5,0],"10":[0,5],"11":[2,4],"12":[2,6],"13":[2,8]},"_coverageSchema":"1a1c01bbd47fc00a2c39e90264f33305004495a9","hash":"da1e764c28151e0e496da460d891d314372a2b84"}
,"C:\\Users\\ALPHA12\\Downloads\\task-api-submission\\task-api\\src\\utils\\validators.js": {"path":"C:\\Users\\ALPHA12\\Downloads\\task-api-submission\\task-api\\src\\utils\\validators.js","statementMap":{"0":{"start":{"line":9,"column":23},"end":{"line":9,"column":54}},"1":{"start":{"line":10,"column":25},"end":{"line":10,"column":50}},"2":{"start":{"line":23,"column":27},"end":{"line":41,"column":1}},"3":{"start":{"line":25,"column":2},"end":{"line":27,"column":3}},"4":{"start":{"line":26,"column":4},"end":{"line":26,"column":62}},"5":{"start":{"line":29,"column":2},"end":{"line":31,"column":3}},"6":{"start":{"line":30,"column":4},"end":{"line":30,"column":65}},"7":{"start":{"line":33,"column":2},"end":{"line":35,"column":3}},"8":{"start":{"line":34,"column":4},"end":{"line":34,"column":69}},"9":{"start":{"line":37,"column":2},"end":{"line":39,"column":3}},"10":{"start":{"line":38,"column":4},"end":{"line":38,"column":53}},"11":{"start":{"line":40,"column":2},"end":{"line":40,"column":14}},"12":{"start":{"line":54,"column":27},"end":{"line":69,"column":1}},"13":{"start":{"line":56,"column":2},"end":{"line":58,"column":3}},"14":{"start":{"line":57,"column":4},"end":{"line":57,"column":46}},"15":{"start":{"line":59,"column":2},"end":{"line":61,"column":3}},"16":{"start":{"line":60,"column":4},"end":{"line":60,"column":65}},"17":{"start":{"line":62,"column":2},"end":{"line":64,"column":3}},"18":{"start":{"line":63,"column":4},"end":{"line":63,"column":69}},"19":{"start":{"line":65,"column":2},"end":{"line":67,"column":3}},"20":{"start":{"line":66,"column":4},"end":{"line":66,"column":53}},"21":{"start":{"line":68,"column":2},"end":{"line":68,"column":14}},"22":{"start":{"line":90,"column":27},"end":{"line":104,"column":1}},"23":{"start":{"line":92,"column":2},"end":{"line":94,"column":3}},"24":{"start":{"line":93,"column":4},"end":{"line":93,"column":34}},"25":{"start":{"line":96,"column":2},"end":{"line":98,"column":3}},"26":{"start":{"line":97,"column":4},"end":{"line":97,"column":39}},"27":{"start":{"line":100,"column":2},"end":{"line":102,"column":3}},"28":{"start":{"line":101,"column":4},"end":{"line":101,"column":50}},"29":{"start":{"line":103,"column":2},"end":{"line":103,"column":14}},"30":{"start":{"line":106,"column":0},"end":{"line":112,"column":2}}},"fnMap":{"0":{"name":"(anonymous_0)","decl":{"start":{"line":23,"column":27},"end":{"line":23,"column":28}},"loc":{"start":{"line":23,"column":37},"end":{"line":41,"column":1}},"line":23},"1":{"name":"(anonymous_1)","decl":{"start":{"line":54,"column":27},"end":{"line":54,"column":28}},"loc":{"start":{"line":54,"column":37},"end":{"line":69,"column":1}},"line":54},"2":{"name":"(anonymous_2)","decl":{"start":{"line":90,"column":27},"end":{"line":90,"column":28}},"loc":{"start":{"line":90,"column":37},"end":{"line":104,"column":1}},"line":90}},"branchMap":{"0":{"loc":{"start":{"line":25,"column":2},"end":{"line":27,"column":3}},"type":"if","locations":[{"start":{"line":25,"column":2},"end":{"line":27,"column":3}},{"start":{},"end":{}}],"line":25},"1":{"loc":{"start":{"line":25,"column":6},"end":{"line":25,"column":79}},"type":"binary-expr","locations":[{"start":{"line":25,"column":6},"end":{"line":25,"column":17}},{"start":{"line":25,"column":21},"end":{"line":25,"column":51}},{"start":{"line":25,"column":55},"end":{"line":25,"column":79}}],"line":25},"2":{"loc":{"start":{"line":29,"column":2},"end":{"line":31,"column":3}},"type":"if","locations":[{"start":{"line":29,"column":2},"end":{"line":31,"column":3}},{"start":{},"end":{}}],"line":29},"3":{"loc":{"start":{"line":29,"column":6},"end":{"line":29,"column":58}},"type":"binary-expr","locations":[{"start":{"line":29,"column":6},"end":{"line":29,"column":17}},{"start":{"line":29,"column":21},"end":{"line":29,"column":58}}],"line":29},"4":{"loc":{"start":{"line":33,"column":2},"end":{"line":35,"column":3}},"type":"if","locations":[{"start":{"line":33,"column":2},"end":{"line":35,"column":3}},{"start":{},"end":{}}],"line":33},"5":{"loc":{"start":{"line":33,"column":6},"end":{"line":33,"column":64}},"type":"binary-expr","locations":[{"start":{"line":33,"column":6},"end":{"line":33,"column":19}},{"start":{"line":33,"column":23},"end":{"line":33,"column":64}}],"line":33},"6":{"loc":{"start":{"line":37,"column":2},"end":{"line":39,"column":3}},"type":"if","locations":[{"start":{"line":37,"column":2},"end":{"line":39,"column":3}},{"start":{},"end":{}}],"line":37},"7":{"loc":{"start":{"line":37,"column":6},"end":{"line":37,"column":53}},"type":"binary-expr","locations":[{"start":{"line":37,"column":6},"end":{"line":37,"column":18}},{"start":{"line":37,"column":22},"end":{"line":37,"column":53}}],"line":37},"8":{"loc":{"start":{"line":56,"column":2},"end":{"line":58,"column":3}},"type":"if","locations":[{"start":{"line":56,"column":2},"end":{"line":58,"column":3}},{"start":{},"end":{}}],"line":56},"9":{"loc":{"start":{"line":56,"column":6},"end":{"line":56,"column":94}},"type":"binary-expr","locations":[{"start":{"line":56,"column":6},"end":{"line":56,"column":30}},{"start":{"line":56,"column":35},"end":{"line":56,"column":65}},{"start":{"line":56,"column":69},"end":{"line":56,"column":93}}],"line":56},"10":{"loc":{"start":{"line":59,"column":2},"end":{"line":61,"column":3}},"type":"if","locations":[{"start":{"line":59,"column":2},"end":{"line":61,"column":3}},{"start":{},"end":{}}],"line":59},"11":{"loc":{"start":{"line":59,"column":6},"end":{"line":59,"column":58}},"type":"binary-expr","locations":[{"start":{"line":59,"column":6},"end":{"line":59,"column":17}},{"start":{"line":59,"column":21},"end":{"line":59,"column":58}}],"line":59},"12":{"loc":{"start":{"line":62,"column":2},"end":{"line":64,"column":3}},"type":"if","locations":[{"start":{"line":62,"column":2},"end":{"line":64,"column":3}},{"start":{},"end":{}}],"line":62},"13":{"loc":{"start":{"line":62,"column":6},"end":{"line":62,"column":64}},"type":"binary-expr","locations":[{"start":{"line":62,"column":6},"end":{"line":62,"column":19}},{"start":{"line":62,"column":23},"end":{"line":62,"column":64}}],"line":62},"14":{"loc":{"start":{"line":65,"column":2},"end":{"line":67,"column":3}},"type":"if","locations":[{"start":{"line":65,"column":2},"end":{"line":67,"column":3}},{"start":{},"end":{}}],"line":65},"15":{"loc":{"start":{"line":65,"column":6},"end":{"line":65,"column":53}},"type":"binary-expr","locations":[{"start":{"line":65,"column":6},"end":{"line":65,"column":18}},{"start":{"line":65,"column":22},"end":{"line":65,"column":53}}],"line":65},"16":{"loc":{"start":{"line":92,"column":2},"end":{"line":94,"column":3}},"type":"if","locations":[{"start":{"line":92,"column":2},"end":{"line":94,"column":3}},{"start":{},"end":{}}],"line":92},"17":{"loc":{"start":{"line":92,"column":6},"end":{"line":92,"column":59}},"type":"binary-expr","locations":[{"start":{"line":92,"column":6},"end":{"line":92,"column":33}},{"start":{"line":92,"column":37},"end":{"line":92,"column":59}}],"line":92},"18":{"loc":{"start":{"line":96,"column":2},"end":{"line":98,"column":3}},"type":"if","locations":[{"start":{"line":96,"column":2},"end":{"line":98,"column":3}},{"start":{},"end":{}}],"line":96},"19":{"loc":{"start":{"line":100,"column":2},"end":{"line":102,"column":3}},"type":"if","locations":[{"start":{"line":100,"column":2},"end":{"line":102,"column":3}},{"start":{},"end":{}}],"line":100}},"s":{"0":1,"1":1,"2":1,"3":48,"4":2,"5":46,"6":1,"7":45,"8":1,"9":44,"10":1,"11":43,"12":1,"13":8,"14":1,"15":7,"16":1,"17":6,"18":1,"19":5,"20":1,"21":4,"22":1,"23":8,"24":1,"25":7,"26":1,"27":6,"28":1,"29":5,"30":1},"f":{"0":48,"1":8,"2":8},"b":{"0":[2,46],"1":[48,47,47],"2":[1,45],"3":[46,42],"4":[1,44],"5":[45,42],"6":[1,43],"7":[44,6],"8":[1,7],"9":[8,5,5],"10":[1,6],"11":[7,1],"12":[1,5],"13":[6,2],"14":[1,4],"15":[5,1],"16":[1,7],"17":[8,7],"18":[1,6],"19":[1,5]},"_coverageSchema":"1a1c01bbd47fc00a2c39e90264f33305004495a9","hash":"d568987bcbcfc5fc1953530ef9ac7e166dbd4dd6"}
}
