TN:
SF:src\app.js
FN:9,(anonymous_0)
FN:17,(anonymous_1)
FNF:2
FNH:0
FNDA:0,(anonymous_0)
FNDA:0,(anonymous_1)
DA:1,1
DA:2,1
DA:4,1
DA:6,1
DA:7,1
DA:9,1
DA:10,0
DA:11,0
DA:14,1
DA:16,1
DA:17,0
DA:18,0
DA:22,1
LF:13
LH:9
BRDA:14,0,0,1
BRDA:14,0,1,1
BRDA:16,1,0,0
BRDA:16,1,1,1
BRF:4
BRH:3
end_of_record
TN:
SF:src\routes\tasks.js
FN:32,(anonymous_0)
FN:41,(anonymous_1)
FN:75,(anonymous_2)
FN:89,(anonymous_3)
FN:107,(anonymous_4)
FN:120,(anonymous_5)
FN:138,(anonymous_6)
FNF:7
FNH:7
FNDA:3,(anonymous_0)
FNDA:10,(anonymous_1)
FNDA:48,(anonymous_2)
FNDA:8,(anonymous_3)
FNDA:3,(anonymous_4)
FNDA:4,(anonymous_5)
FNDA:8,(anonymous_6)
DA:17,1
DA:18,1
DA:19,1
DA:25,1
DA:32,1
DA:33,3
DA:34,3
DA:41,1
DA:42,10
DA:45,10
DA:46,3
DA:47,1
DA:49,2
DA:50,2
DA:54,7
DA:55,4
DA:56,4
DA:59,4
DA:60,4
DA:62,4
DA:63,4
DA:67,3
DA:68,3
DA:75,1
DA:76,48
DA:77,48
DA:78,5
DA:81,43
DA:82,43
DA:89,1
DA:90,8
DA:91,8
DA:92,4
DA:95,4
DA:96,4
DA:97,1
DA:100,3
DA:107,1
DA:108,3
DA:109,3
DA:110,1
DA:113,2
DA:120,1
DA:121,4
DA:122,4
DA:123,1
DA:126,3
DA:138,1
DA:140,8
DA:141,8
DA:142,3
DA:145,5
DA:146,5
DA:147,1
DA:150,4
DA:153,1
LF:56
LH:56
BRDA:45,0,0,3
BRDA:45,0,1,7
BRDA:46,1,0,1
BRDA:46,1,1,2
BRDA:54,2,0,4
BRDA:54,2,1,3
BRDA:54,3,0,7
BRDA:54,3,1,3
BRDA:59,4,0,1
BRDA:59,4,1,3
BRDA:59,5,0,4
BRDA:59,5,1,4
BRDA:60,6,0,1
BRDA:60,6,1,3
BRDA:60,7,0,4
BRDA:60,7,1,4
BRDA:77,8,0,5
BRDA:77,8,1,43
BRDA:91,9,0,4
BRDA:91,9,1,4
BRDA:96,10,0,1
BRDA:96,10,1,3
BRDA:109,11,0,1
BRDA:109,11,1,2
BRDA:122,12,0,1
BRDA:122,12,1,3
BRDA:141,13,0,3
BRDA:141,13,1,5
BRDA:146,14,0,1
BRDA:146,14,1,4
BRF:30
BRH:30
end_of_record
TN:
SF:src\services\taskService.js
FN:29,(anonymous_0)
FN:32,(anonymous_1)
FN:32,(anonymous_2)
FN:40,(anonymous_3)
FN:40,(anonymous_4)
FN:51,(anonymous_5)
FN:60,(anonymous_6)
FN:65,(anonymous_7)
FN:83,(anonymous_8)
FN:103,(anonymous_9)
FN:104,(anonymous_10)
FN:120,(anonymous_11)
FN:121,(anonymous_12)
FN:137,(anonymous_13)
FN:148,(anonymous_14)
FN:161,(anonymous_15)
FN:162,(anonymous_16)
FN:174,(anonymous_17)
FNF:18
FNH:18
FNDA:10,(anonymous_0)
FNDA:15,(anonymous_1)
FNDA:11,(anonymous_2)
FNDA:5,(anonymous_3)
FNDA:8,(anonymous_4)
FNDA:8,(anonymous_5)
FNDA:6,(anonymous_6)
FNDA:18,(anonymous_7)
FNDA:138,(anonymous_8)
FNDA:7,(anonymous_9)
FNDA:5,(anonymous_10)
FNDA:6,(anonymous_11)
FNDA:5,(anonymous_12)
FNDA:8,(anonymous_13)
FNDA:6,(anonymous_14)
FNDA:10,(anonymous_15)
FNDA:8,(anonymous_16)
FNDA:76,(anonymous_17)
DA:19,2
DA:22,2
DA:29,10
DA:32,15
DA:40,8
DA:51,2
DA:52,8
DA:53,8
DA:60,2
DA:61,6
DA:62,6
DA:63,6
DA:65,6
DA:66,18
DA:67,18
DA:68,4
DA:72,6
DA:83,2
DA:84,138
DA:95,138
DA:96,138
DA:103,2
DA:104,7
DA:105,7
DA:108,5
DA:111,5
DA:112,5
DA:114,5
DA:115,5
DA:116,5
DA:120,2
DA:121,6
DA:122,6
DA:124,4
DA:125,4
DA:137,2
DA:138,8
DA:139,8
DA:141,6
DA:148,6
DA:149,6
DA:150,6
DA:161,2
DA:162,10
DA:163,10
DA:165,8
DA:166,8
DA:174,2
DA:175,76
DA:182,2
LF:50
LH:50
BRDA:66,0,0,18
BRDA:66,0,1,0
BRDA:67,1,0,4
BRDA:67,1,1,14
BRDA:67,2,0,18
BRDA:67,2,1,8
BRDA:67,2,2,6
BRDA:83,3,0,2
BRDA:83,4,0,3
BRDA:83,5,0,3
BRDA:83,6,0,39
BRDA:87,7,0,138
BRDA:87,7,1,0
BRDA:105,8,0,2
BRDA:105,8,1,5
BRDA:111,9,0,5
BRDA:111,9,1,0
BRDA:112,10,0,0
BRDA:112,10,1,5
BRDA:122,11,0,2
BRDA:122,11,1,4
BRDA:139,12,0,2
BRDA:139,12,1,6
BRDA:163,13,0,2
BRDA:163,13,1,8
BRF:25
BRH:21
end_of_record
TN:
SF:src\utils\validators.js
FN:23,(anonymous_0)
FN:54,(anonymous_1)
FN:90,(anonymous_2)
FNF:3
FNH:3
FNDA:48,(anonymous_0)
FNDA:8,(anonymous_1)
FNDA:8,(anonymous_2)
DA:9,1
DA:10,1
DA:23,1
DA:25,48
DA:26,2
DA:29,46
DA:30,1
DA:33,45
DA:34,1
DA:37,44
DA:38,1
DA:40,43
DA:54,1
DA:56,8
DA:57,1
DA:59,7
DA:60,1
DA:62,6
DA:63,1
DA:65,5
DA:66,1
DA:68,4
DA:90,1
DA:92,8
DA:93,1
DA:96,7
DA:97,1
DA:100,6
DA:101,1
DA:103,5
DA:106,1
LF:31
LH:31
BRDA:25,0,0,2
BRDA:25,0,1,46
BRDA:25,1,0,48
BRDA:25,1,1,47
BRDA:25,1,2,47
BRDA:29,2,0,1
BRDA:29,2,1,45
BRDA:29,3,0,46
BRDA:29,3,1,42
BRDA:33,4,0,1
BRDA:33,4,1,44
BRDA:33,5,0,45
BRDA:33,5,1,42
BRDA:37,6,0,1
BRDA:37,6,1,43
BRDA:37,7,0,44
BRDA:37,7,1,6
BRDA:56,8,0,1
BRDA:56,8,1,7
BRDA:56,9,0,8
BRDA:56,9,1,5
BRDA:56,9,2,5
BRDA:59,10,0,1
BRDA:59,10,1,6
BRDA:59,11,0,7
BRDA:59,11,1,1
BRDA:62,12,0,1
BRDA:62,12,1,5
BRDA:62,13,0,6
BRDA:62,13,1,2
BRDA:65,14,0,1
BRDA:65,14,1,4
BRDA:65,15,0,5
BRDA:65,15,1,1
BRDA:92,16,0,1
BRDA:92,16,1,7
BRDA:92,17,0,8
BRDA:92,17,1,7
BRDA:96,18,0,1
BRDA:96,18,1,6
BRDA:100,19,0,1
BRDA:100,19,1,5
BRF:42
BRH:42
end_of_record
